<testsuites id="" name="" tests="1" failures="0" skipped="0" errors="0" time="13.656068">
<testsuite name="login.spec.ts" timestamp="2025-09-26T06:43:31.421Z" hostname="chromium" tests="1" failures="0" skipped="0" time="2.696" errors="0">
<testcase name="Login Tests › Negative Tests › Login with wrong password should fail" classname="login.spec.ts" time="2.696">
</testcase>
</testsuite>
</testsuites>